Unity Editor version:    2021.3.26f1 (a16dc32e0ff2)
Branch:                  2021.3/staging
Build type:              Release
Batch mode:              YES
macOS version:           Version 13.4 (Build 22F66)
Darwin version:          22.5.0
Architecture:            arm64
Running under Rosetta:   NO
Available memory:        8192 MB
Using pre-set license
Pro License: YES

COMMAND LINE ARGUMENTS:
/Applications/Unity/Hub/Editor/2021.3.26f1/Unity.app/Contents/MacOS/Unity
-adb2
-batchMode
-noUpm
-name
AssetImportWorker0
-projectPath
/Users/ethanhall/Desktop/IdTechUnity/FpsGame/FpsGame
-logFile
Logs/AssetImportWorker0.log
-srvPort
53969
Successfully changed project path to: /Users/ethanhall/Desktop/IdTechUnity/FpsGame/FpsGame
/Users/ethanhall/Desktop/IdTechUnity/FpsGame/FpsGame
[UnityMemory] Configuration Parameters - Can be set up in boot.config
    "memorysetup-bucket-allocator-granularity=16"
    "memorysetup-bucket-allocator-bucket-count=8"
    "memorysetup-bucket-allocator-block-size=33554432"
    "memorysetup-bucket-allocator-block-count=8"
    "memorysetup-main-allocator-block-size=16777216"
    "memorysetup-thread-allocator-block-size=16777216"
    "memorysetup-gfx-main-allocator-block-size=16777216"
    "memorysetup-gfx-thread-allocator-block-size=16777216"
    "memorysetup-cache-allocator-block-size=4194304"
    "memorysetup-typetree-allocator-block-size=2097152"
    "memorysetup-profiler-bucket-allocator-granularity=16"
    "memorysetup-profiler-bucket-allocator-bucket-count=8"
    "memorysetup-profiler-bucket-allocator-block-size=33554432"
    "memorysetup-profiler-bucket-allocator-block-count=8"
    "memorysetup-profiler-allocator-block-size=16777216"
    "memorysetup-profiler-editor-allocator-block-size=1048576"
    "memorysetup-temp-allocator-size-main=16777216"
    "memorysetup-job-temp-allocator-block-size=2097152"
    "memorysetup-job-temp-allocator-block-size-background=1048576"
    "memorysetup-job-temp-allocator-reduction-small-platforms=262144"
    "memorysetup-temp-allocator-size-background-worker=32768"
    "memorysetup-temp-allocator-size-job-worker=262144"
    "memorysetup-temp-allocator-size-preload-manager=33554432"
    "memorysetup-temp-allocator-size-nav-mesh-worker=65536"
    "memorysetup-temp-allocator-size-audio-worker=65536"
    "memorysetup-temp-allocator-size-cloud-worker=32768"
    "memorysetup-temp-allocator-size-gi-baking-worker=262144"
    "memorysetup-temp-allocator-size-gfx=262144"
Player connection [8528141824] Host "[IP] 192.168.0.55 [Port] 0 [Flags] 2 [Guid] 2794241058 [EditorId] 2794241058 [Version] 1048832 [Id] OSXEditor(0,Ethans-MacBook-Air.local) [Debug] 1 [PackageName] OSXEditor [ProjectName] Editor" joined multi-casting on [225.0.0.222:54997]...

Player connection [8528141824] Host "[IP] 192.168.0.55 [Port] 0 [Flags] 2 [Guid] 2794241058 [EditorId] 2794241058 [Version] 1048832 [Id] OSXEditor(0,Ethans-MacBook-Air.local) [Debug] 1 [PackageName] OSXEditor [ProjectName] Editor" joined alternative multi-casting on [225.0.0.222:34997]...

Refreshing native plugins compatible for Editor in 117.11 ms, found 2 plugins.
Preloading 0 native plugins for Editor in 0.00 ms.
Initialize engine version: 2021.3.26f1 (a16dc32e0ff2)
[Subsystems] Discovering subsystems at path /Applications/Unity/Hub/Editor/2021.3.26f1/Unity.app/Contents/Resources/UnitySubsystems
[Subsystems] Discovering subsystems at path /Users/ethanhall/Desktop/IdTechUnity/FpsGame/FpsGame/Assets
GfxDevice: creating device client; threaded=0; jobified=0
 preferred device: Apple M1 (high power)
Metal devices available: 1
0: Apple M1 (high power)
Using device Apple M1 (high power)
Initializing Metal device caps: Apple M1
Initialize mono
Mono path[0] = '/Applications/Unity/Hub/Editor/2021.3.26f1/Unity.app/Contents/Managed'
Mono path[1] = '/Applications/Unity/Hub/Editor/2021.3.26f1/Unity.app/Contents/MonoBleedingEdge/lib/mono/unityjit-macos'
Mono config path = '/Applications/Unity/Hub/Editor/2021.3.26f1/Unity.app/Contents/MonoBleedingEdge/etc'
Using monoOptions --debugger-agent=transport=dt_socket,embedding=1,server=y,suspend=n,address=127.0.0.1:56851
Begin MonoManager ReloadAssembly
Registering precompiled unity dll's ...
Register platform support module: /Applications/Unity/Hub/Editor/2021.3.26f1/PlaybackEngines/WebGLSupport/UnityEditor.WebGL.Extensions.dll
Register platform support module: /Applications/Unity/Hub/Editor/2021.3.26f1/Unity.app/Contents/PlaybackEngines/MacStandaloneSupport/UnityEditor.OSXStandalone.Extensions.dll
Registered in 0.002195 seconds.
Native extension for OSXStandalone target not found
Native extension for WebGL target not found
Refreshing native plugins compatible for Editor in 138.36 ms, found 2 plugins.
Preloading 0 native plugins for Editor in 0.00 ms.
Mono: successfully reloaded assembly
- Completed reload, in  0.883 seconds
Domain Reload Profiling:
	ReloadAssembly (883ms)
		BeginReloadAssembly (102ms)
			ExecutionOrderSort (0ms)
			DisableScriptedObjects (0ms)
			BackupInstance (0ms)
			ReleaseScriptingObjects (0ms)
			CreateAndSetChildDomain (1ms)
		EndReloadAssembly (681ms)
			LoadAssemblies (102ms)
			RebuildTransferFunctionScriptingTraits (0ms)
			SetupTypeCache (133ms)
			ReleaseScriptCaches (0ms)
			RebuildScriptCaches (44ms)
			SetupLoadedEditorAssemblies (448ms)
				LogAssemblyErrors (0ms)
				InitializePlatformSupportModulesInManaged (8ms)
				SetLoadedEditorAssemblies (0ms)
				RefreshPlugins (138ms)
				BeforeProcessingInitializeOnLoad (2ms)
				ProcessInitializeOnLoadAttributes (235ms)
				ProcessInitializeOnLoadMethodAttributes (64ms)
				AfterProcessingInitializeOnLoad (0ms)
				EditorAssembliesLoaded (0ms)
			ExecutionOrderSort2 (0ms)
			AwakeInstancesAfterBackupRestoration (0ms)
Platform modules already initialized, skipping
Registering precompiled user dll's ...
Registered in 0.006459 seconds.
Begin MonoManager ReloadAssembly
Symbol file LoadedFromMemory doesn't match image /Users/ethanhall/Desktop/IdTechUnity/FpsGame/FpsGame/Library/PackageCache/com.unity.visualscripting@1.8.0/Editor/VisualScripting.Core/Dependencies/YamlDotNet/Unity.VisualScripting.YamlDotNet.dll
Symbol file LoadedFromMemory doesn't match image /Users/ethanhall/Desktop/IdTechUnity/FpsGame/FpsGame/Library/PackageCache/com.unity.visualscripting@1.8.0/Editor/VisualScripting.Core/Dependencies/DotNetZip/Unity.VisualScripting.IonicZip.dll
Native extension for OSXStandalone target not found
Native extension for WebGL target not found
Refreshing native plugins compatible for Editor in 0.39 ms, found 2 plugins.
Preloading 0 native plugins for Editor in 0.00 ms.
Mono: successfully reloaded assembly
- Completed reload, in  0.920 seconds
Domain Reload Profiling:
	ReloadAssembly (921ms)
		BeginReloadAssembly (97ms)
			ExecutionOrderSort (0ms)
			DisableScriptedObjects (6ms)
			BackupInstance (0ms)
			ReleaseScriptingObjects (0ms)
			CreateAndSetChildDomain (25ms)
		EndReloadAssembly (727ms)
			LoadAssemblies (71ms)
			RebuildTransferFunctionScriptingTraits (0ms)
			SetupTypeCache (265ms)
			ReleaseScriptCaches (1ms)
			RebuildScriptCaches (50ms)
			SetupLoadedEditorAssemblies (304ms)
				LogAssemblyErrors (0ms)
				InitializePlatformSupportModulesInManaged (4ms)
				SetLoadedEditorAssemblies (0ms)
				RefreshPlugins (0ms)
				BeforeProcessingInitializeOnLoad (74ms)
				ProcessInitializeOnLoadAttributes (205ms)
				ProcessInitializeOnLoadMethodAttributes (18ms)
				AfterProcessingInitializeOnLoad (2ms)
				EditorAssembliesLoaded (0ms)
			ExecutionOrderSort2 (0ms)
			AwakeInstancesAfterBackupRestoration (4ms)
Platform modules already initialized, skipping
========================================================================
Worker process is ready to serve import requests
Launching external process: /Applications/Unity/Hub/Editor/2021.3.26f1/Unity.app/Contents/Tools/UnityShaderCompiler
Launched and connected shader compiler UnityShaderCompiler after 0.66 seconds
Refreshing native plugins compatible for Editor in 1.56 ms, found 2 plugins.
Preloading 0 native plugins for Editor in 0.00 ms.
Unloading 3051 Unused Serialized files (Serialized files now loaded: 0)
Unloading 22 unused Assets / (40.2 KB). Loaded Objects now: 3513.
Memory consumption went from 101.9 MB to 101.9 MB.
Total: 9.661417 ms (FindLiveObjects: 0.408791 ms CreateObjectMapping: 0.113625 ms MarkObjects: 8.966417 ms  DeleteObjects: 0.171417 ms)

AssetImportParameters requested are different than current active one (requested -> active):
  custom:video-decoder-ogg-theora: a1e56fd34408186e4bbccfd4996cb3dc -> 
  custom:container-muxer-webm: aa71ff27fc2769a1b78a27578f13a17b -> 
  custom:container-demuxer-webm: 4f35f7cbe854078d1ac9338744f61a02 -> 
  custom:video-encoder-webm-vp8: eb34c28f22e8b96e1ab97ce403110664 -> 
  custom:framework-osx-AVFoundation: e770b220cccbd017edd2c1fefb359320 -> 
  custom:audio-encoder-webm-vorbis: bf7c407c2cedff20999df2af8eb42d56 -> 
  custom:container-demuxer-ogg: 62fdf1f143b41e24485cea50d1cbac27 -> 
  custom:video-decoder-webm-vp8: 9c59270c3fd7afecdb556c50c9e8de78 -> 
  custom:audio-decoder-ogg-vorbis: bf7c407c2cedff20999df2af8eb42d56 -> 
========================================================================
Received Import Request.
  Time since last request: 602532.937211 seconds.
  path: Assets/Abandoned buildings/Scene/abandoned_buildings.unity
  artifactKey: Guid(b088e8a7d764ddc4d990de7bb43b7b85) Importer(815301076,1909f56bfc062723c751e8b465ee728b)
Start importing Assets/Abandoned buildings/Scene/abandoned_buildings.unity using Guid(b088e8a7d764ddc4d990de7bb43b7b85) Importer(815301076,1909f56bfc062723c751e8b465ee728b)  -> (artifact id: 'be88eee2ac2e4b0c361d7f1875165e91') in 0.008796 seconds 
========================================================================
Received Import Request.
  Time since last request: 0.000559 seconds.
  path: Assets/Abandoned buildings
  artifactKey: Guid(4f26cde0b4a1e4c418bc867af62f7b38) Importer(815301076,1909f56bfc062723c751e8b465ee728b)
Start importing Assets/Abandoned buildings using Guid(4f26cde0b4a1e4c418bc867af62f7b38) Importer(815301076,1909f56bfc062723c751e8b465ee728b)  -> (artifact id: 'd786a9b4c7b435c2df10848e25decb30') in 0.002622 seconds 
========================================================================
Received Import Request.
  Time since last request: 0.001336 seconds.
  path: Assets/Abandoned buildings/Scene
  artifactKey: Guid(42a50e7e6cefa824fb09df98e2671cba) Importer(815301076,1909f56bfc062723c751e8b465ee728b)
Start importing Assets/Abandoned buildings/Scene using Guid(42a50e7e6cefa824fb09df98e2671cba) Importer(815301076,1909f56bfc062723c751e8b465ee728b)  -> (artifact id: '6e6de52a5041a5bc6ddf2c2bef5e84d9') in 0.002639 seconds 
========================================================================
Received Import Request.
  Time since last request: 0.004614 seconds.
  path: Assets/Abandoned buildings/Scene/Cube.mat
  artifactKey: Guid(72dd4f2f070dfe5478848c973207f92d) Importer(815301076,1909f56bfc062723c751e8b465ee728b)
Start importing Assets/Abandoned buildings/Scene/Cube.mat using Guid(72dd4f2f070dfe5478848c973207f92d) Importer(815301076,1909f56bfc062723c751e8b465ee728b)  -> (artifact id: '4b876286af580aa6c06f4d3eab7f7f97') in 1.678098 seconds 
========================================================================
Received Import Request.
  Time since last request: 6.542178 seconds.
  path: Assets/Abandoned buildings/Prefab
  artifactKey: Guid(898eed1306c30f94aa772261c493c5c2) Importer(815301076,1909f56bfc062723c751e8b465ee728b)
Start importing Assets/Abandoned buildings/Prefab using Guid(898eed1306c30f94aa772261c493c5c2) Importer(815301076,1909f56bfc062723c751e8b465ee728b)  -> (artifact id: '5f748f72310ee58e75aaee0fa1daaf94') in 0.005587 seconds 
========================================================================
Received Import Request.
  Time since last request: 3.532232 seconds.
  path: Assets/Abandoned buildings/Prefab/abandoned_buildings
  artifactKey: Guid(5dacbcc3f541e744e9dc0e1e50b8a077) Importer(815301076,1909f56bfc062723c751e8b465ee728b)
Start importing Assets/Abandoned buildings/Prefab/abandoned_buildings using Guid(5dacbcc3f541e744e9dc0e1e50b8a077) Importer(815301076,1909f56bfc062723c751e8b465ee728b)  -> (artifact id: 'd89bd5aacc2ac0e8bacd20caea831518') in 0.003160 seconds 
========================================================================
Received Import Request.
  Time since last request: 0.057750 seconds.
  path: Assets/Abandoned buildings/Prefab/abandoned_buildings/birdhouse.prefab
  artifactKey: Guid(6c43e81dbb4ea18428ee68fedb9a544c) Importer(815301076,1909f56bfc062723c751e8b465ee728b)
Start importing Assets/Abandoned buildings/Prefab/abandoned_buildings/birdhouse.prefab using Guid(6c43e81dbb4ea18428ee68fedb9a544c) Importer(815301076,1909f56bfc062723c751e8b465ee728b)  -> (artifact id: 'bf59e5ee8e354bb04d67ae36b9662088') in 0.794902 seconds 
========================================================================
Received Import Request.
  Time since last request: 0.000681 seconds.
  path: Assets/Abandoned buildings/Prefab/abandoned_buildings/junk_window.prefab
  artifactKey: Guid(a22c9e7ef50fc764da43060141ad70cb) Importer(815301076,1909f56bfc062723c751e8b465ee728b)
Start importing Assets/Abandoned buildings/Prefab/abandoned_buildings/junk_window.prefab using Guid(a22c9e7ef50fc764da43060141ad70cb) Importer(815301076,1909f56bfc062723c751e8b465ee728b)  -> (artifact id: 'e36dd9b7cf75fafe32f5ae163b801abd') in 0.016825 seconds 
========================================================================
Received Import Request.
  Time since last request: 0.000043 seconds.
  path: Assets/Abandoned buildings/Prefab/abandoned_buildings/house_enter.prefab
  artifactKey: Guid(b975c7a470622c540b3e705556ab595e) Importer(815301076,1909f56bfc062723c751e8b465ee728b)
Start importing Assets/Abandoned buildings/Prefab/abandoned_buildings/house_enter.prefab using Guid(b975c7a470622c540b3e705556ab595e) Importer(815301076,1909f56bfc062723c751e8b465ee728b)  -> (artifact id: 'c2e7248aef83f37cd946961424d2fef5') in 0.235363 seconds 
========================================================================
Received Import Request.
  Time since last request: 0.000078 seconds.
  path: Assets/Abandoned buildings/Prefab/abandoned_buildings/junk_wind_broke.prefab
  artifactKey: Guid(0632adc36f3af70468bf597efa877832) Importer(815301076,1909f56bfc062723c751e8b465ee728b)
Start importing Assets/Abandoned buildings/Prefab/abandoned_buildings/junk_wind_broke.prefab using Guid(0632adc36f3af70468bf597efa877832) Importer(815301076,1909f56bfc062723c751e8b465ee728b)  -> (artifact id: 'f498c4e4e092f87dc097d85b75fa8a71') in 0.012592 seconds 
========================================================================
Received Import Request.
  Time since last request: 0.000058 seconds.
  path: Assets/Abandoned buildings/Prefab/abandoned_buildings/house_ruined.prefab
  artifactKey: Guid(b3a53a0efb7c50848b26f6eea91284bb) Importer(815301076,1909f56bfc062723c751e8b465ee728b)
Start importing Assets/Abandoned buildings/Prefab/abandoned_buildings/house_ruined.prefab using Guid(b3a53a0efb7c50848b26f6eea91284bb) Importer(815301076,1909f56bfc062723c751e8b465ee728b)  -> (artifact id: '4fb5506a2b153df9dd456d96afabbeda') in 0.013938 seconds 
========================================================================
Received Import Request.
  Time since last request: 0.000088 seconds.
  path: Assets/Abandoned buildings/Prefab/abandoned_buildings/pole_wood.prefab
  artifactKey: Guid(b56ffad1c0421324d82ef52ef263d4db) Importer(815301076,1909f56bfc062723c751e8b465ee728b)
Start importing Assets/Abandoned buildings/Prefab/abandoned_buildings/pole_wood.prefab using Guid(b56ffad1c0421324d82ef52ef263d4db) Importer(815301076,1909f56bfc062723c751e8b465ee728b)  -> (artifact id: 'c17b79e1a7c533f2f7c38ea2493aa935') in 0.009594 seconds 
========================================================================
Received Import Request.
  Time since last request: 0.000059 seconds.
  path: Assets/Abandoned buildings/Prefab/abandoned_buildings/stove.prefab
  artifactKey: Guid(7476bea84d0c5ee46babced461b99665) Importer(815301076,1909f56bfc062723c751e8b465ee728b)
Start importing Assets/Abandoned buildings/Prefab/abandoned_buildings/stove.prefab using Guid(7476bea84d0c5ee46babced461b99665) Importer(815301076,1909f56bfc062723c751e8b465ee728b)  -> (artifact id: '7d6e8cb558766afa3b5cc4953d5de214') in 0.010622 seconds 
========================================================================
Received Import Request.
  Time since last request: 526.023246 seconds.
  path: Assets/Background
  artifactKey: Guid(4f26cde0b4a1e4c418bc867af62f7b38) Importer(815301076,1909f56bfc062723c751e8b465ee728b)
Start importing Assets/Background using Guid(4f26cde0b4a1e4c418bc867af62f7b38) Importer(815301076,1909f56bfc062723c751e8b465ee728b)  -> (artifact id: '09cbaae816ec372443525984e1f759af') in 0.008620 seconds 
========================================================================
Received Import Request.
  Time since last request: 37.593142 seconds.
  path: Assets/Background/Meshes
  artifactKey: Guid(51fda990f5a15cd43a93a68a33632bab) Importer(815301076,1909f56bfc062723c751e8b465ee728b)
Start importing Assets/Background/Meshes using Guid(51fda990f5a15cd43a93a68a33632bab) Importer(815301076,1909f56bfc062723c751e8b465ee728b)  -> (artifact id: '58569b59d6c0b27a4d64e9e9b47faaca') in 0.007563 seconds 
========================================================================
Received Import Request.
  Time since last request: 0.903617 seconds.
  path: Assets/Background/Meshes/abandoned_buildings
  artifactKey: Guid(84c1bb72f5b7f484f94be621cf77c50e) Importer(815301076,1909f56bfc062723c751e8b465ee728b)
Start importing Assets/Background/Meshes/abandoned_buildings using Guid(84c1bb72f5b7f484f94be621cf77c50e) Importer(815301076,1909f56bfc062723c751e8b465ee728b)  -> (artifact id: '02c8fd278b055e3e238b1c3ef9bf6a2c') in 0.001681 seconds 
========================================================================
Received Import Request.
  Time since last request: 0.071956 seconds.
  path: Assets/Background/Meshes/abandoned_buildings/birdhouse.FBX
  artifactKey: Guid(c9a5915c96858b348a2e30a27cba2e12) Importer(815301076,1909f56bfc062723c751e8b465ee728b)
Start importing Assets/Background/Meshes/abandoned_buildings/birdhouse.FBX using Guid(c9a5915c96858b348a2e30a27cba2e12) Importer(815301076,1909f56bfc062723c751e8b465ee728b)  -> (artifact id: 'deb19849811f8783fd1582f324fd8902') in 0.462461 seconds 
========================================================================
Received Import Request.
  Time since last request: 0.000061 seconds.
  path: Assets/Background/Meshes/abandoned_buildings/junk_window.FBX
  artifactKey: Guid(09f71e761bf789842b8fddb0f7a757f8) Importer(815301076,1909f56bfc062723c751e8b465ee728b)
Start importing Assets/Background/Meshes/abandoned_buildings/junk_window.FBX using Guid(09f71e761bf789842b8fddb0f7a757f8) Importer(815301076,1909f56bfc062723c751e8b465ee728b)  -> (artifact id: '76329e81af0fc4dd12f2e6bba26a6189') in 0.024206 seconds 
========================================================================
Received Import Request.
  Time since last request: 0.000072 seconds.
  path: Assets/Background/Meshes/abandoned_buildings/junk_bridge.FBX
  artifactKey: Guid(5861287f42befa844ab82fdf73435b7e) Importer(815301076,1909f56bfc062723c751e8b465ee728b)
Start importing Assets/Background/Meshes/abandoned_buildings/junk_bridge.FBX using Guid(5861287f42befa844ab82fdf73435b7e) Importer(815301076,1909f56bfc062723c751e8b465ee728b)  -> (artifact id: '5c2fd55d674ac45e36d9f30e02434983') in 0.019094 seconds 
========================================================================
Received Import Request.
  Time since last request: 0.000068 seconds.
  path: Assets/Background/Meshes/abandoned_buildings/stove.FBX
  artifactKey: Guid(5cd8d39a1158d16498902913cf91c5a4) Importer(815301076,1909f56bfc062723c751e8b465ee728b)
Start importing Assets/Background/Meshes/abandoned_buildings/stove.FBX using Guid(5cd8d39a1158d16498902913cf91c5a4) Importer(815301076,1909f56bfc062723c751e8b465ee728b)  -> (artifact id: '9b10a2a6acdcfbf20e5c33aa543315ab') in 0.028341 seconds 
========================================================================
Received Import Request.
  Time since last request: 0.000045 seconds.
  path: Assets/Background/Meshes/abandoned_buildings/house_roof.FBX
  artifactKey: Guid(50c410de8fbcbff4ab669afb9d98cf02) Importer(815301076,1909f56bfc062723c751e8b465ee728b)
Start importing Assets/Background/Meshes/abandoned_buildings/house_roof.FBX using Guid(50c410de8fbcbff4ab669afb9d98cf02) Importer(815301076,1909f56bfc062723c751e8b465ee728b)  -> (artifact id: 'a004894e527b484ca5a1f01f697f7efa') in 0.024299 seconds 
========================================================================
Received Import Request.
  Time since last request: 0.000061 seconds.
  path: Assets/Background/Meshes/abandoned_buildings/junk_wind_broke.FBX
  artifactKey: Guid(b2b0a9dddce6a8b4e89148caccc4f91c) Importer(815301076,1909f56bfc062723c751e8b465ee728b)
Start importing Assets/Background/Meshes/abandoned_buildings/junk_wind_broke.FBX using Guid(b2b0a9dddce6a8b4e89148caccc4f91c) Importer(815301076,1909f56bfc062723c751e8b465ee728b)  -> (artifact id: '8a0f06058f825a56da033b2ced4bdfa5') in 0.022245 seconds 
========================================================================
Received Import Request.
  Time since last request: 3.211739 seconds.
  path: Assets/Background/Materials
  artifactKey: Guid(375aa7525af0d4447b6d9d9a6562ebbd) Importer(815301076,1909f56bfc062723c751e8b465ee728b)
Start importing Assets/Background/Materials using Guid(375aa7525af0d4447b6d9d9a6562ebbd) Importer(815301076,1909f56bfc062723c751e8b465ee728b)  -> (artifact id: 'a05111cf9d2cd4ace58e1bcca9d0112f') in 0.001980 seconds 
========================================================================
Received Import Request.
  Time since last request: 0.939797 seconds.
  path: Assets/Background/Materials/abandoned_buildings
  artifactKey: Guid(2e720b7cdd49cd24ebb92de50fb143c0) Importer(815301076,1909f56bfc062723c751e8b465ee728b)
Start importing Assets/Background/Materials/abandoned_buildings using Guid(2e720b7cdd49cd24ebb92de50fb143c0) Importer(815301076,1909f56bfc062723c751e8b465ee728b)  -> (artifact id: 'c9e73a7d2bb1e5299aeed59c0bd79a96') in 0.001098 seconds 
========================================================================
Received Import Request.
  Time since last request: 0.046947 seconds.
  path: Assets/Background/Materials/abandoned_buildings/M_grnd_grass.mat
  artifactKey: Guid(c6f1ef0ae07e69b4c94000dfdb7d79a2) Importer(815301076,1909f56bfc062723c751e8b465ee728b)
Start importing Assets/Background/Materials/abandoned_buildings/M_grnd_grass.mat using Guid(c6f1ef0ae07e69b4c94000dfdb7d79a2) Importer(815301076,1909f56bfc062723c751e8b465ee728b)  -> (artifact id: '3f1ed8560b5fe74be8973db145c85318') in 0.012500 seconds 
========================================================================
Received Import Request.
  Time since last request: 0.000044 seconds.
  path: Assets/Background/Materials/abandoned_buildings/M_house_ruined.mat
  artifactKey: Guid(c8db8a287d547cf42b625c176e63f9a2) Importer(815301076,1909f56bfc062723c751e8b465ee728b)
Start importing Assets/Background/Materials/abandoned_buildings/M_house_ruined.mat using Guid(c8db8a287d547cf42b625c176e63f9a2) Importer(815301076,1909f56bfc062723c751e8b465ee728b)  -> (artifact id: '119fd2635df6ef5740c786a3a51143a1') in 0.046815 seconds 
========================================================================
Received Import Request.
  Time since last request: 0.000106 seconds.
  path: Assets/Background/Materials/abandoned_buildings/M_stove_burned.mat
  artifactKey: Guid(559fcd0bcd3878844a4383ee408ccabe) Importer(815301076,1909f56bfc062723c751e8b465ee728b)
Start importing Assets/Background/Materials/abandoned_buildings/M_stove_burned.mat using Guid(559fcd0bcd3878844a4383ee408ccabe) Importer(815301076,1909f56bfc062723c751e8b465ee728b)  -> (artifact id: '759afd5b87ef43066c84dbfb2e8edfe3') in 0.009021 seconds 
========================================================================
Received Import Request.
  Time since last request: 0.000057 seconds.
  path: Assets/Background/Materials/abandoned_buildings/M_house_roof.mat
  artifactKey: Guid(90d2072be09e1b24f9fead5f30c80bcb) Importer(815301076,1909f56bfc062723c751e8b465ee728b)
Start importing Assets/Background/Materials/abandoned_buildings/M_house_roof.mat using Guid(90d2072be09e1b24f9fead5f30c80bcb) Importer(815301076,1909f56bfc062723c751e8b465ee728b)  -> (artifact id: 'af89d49c5058b71b123381d00578904f') in 0.012117 seconds 
========================================================================
Received Import Request.
  Time since last request: 0.000057 seconds.
  path: Assets/Background/Materials/abandoned_buildings/M_house_burned.mat
  artifactKey: Guid(cba693b36936fd546af35bb89ee0495b) Importer(815301076,1909f56bfc062723c751e8b465ee728b)
Start importing Assets/Background/Materials/abandoned_buildings/M_house_burned.mat using Guid(cba693b36936fd546af35bb89ee0495b) Importer(815301076,1909f56bfc062723c751e8b465ee728b)  -> (artifact id: '436dfa1d00850a40ddb3886159043dad') in 0.016076 seconds 
========================================================================
Received Import Request.
  Time since last request: 0.000067 seconds.
  path: Assets/Background/Materials/abandoned_buildings/M_stove.mat
  artifactKey: Guid(57d04a03c65041f4f96dc494b2c8abee) Importer(815301076,1909f56bfc062723c751e8b465ee728b)
Start importing Assets/Background/Materials/abandoned_buildings/M_stove.mat using Guid(57d04a03c65041f4f96dc494b2c8abee) Importer(815301076,1909f56bfc062723c751e8b465ee728b)  -> (artifact id: '5abaff3b6676297bbf75f64b5f59d95d') in 0.010842 seconds 
========================================================================
Received Import Request.
  Time since last request: 0.000051 seconds.
  path: Assets/Background/Materials/abandoned_buildings/M_pole_wood.mat
  artifactKey: Guid(9bd4c726aa41d904bba9a49b0a77dfa7) Importer(815301076,1909f56bfc062723c751e8b465ee728b)
Start importing Assets/Background/Materials/abandoned_buildings/M_pole_wood.mat using Guid(9bd4c726aa41d904bba9a49b0a77dfa7) Importer(815301076,1909f56bfc062723c751e8b465ee728b)  -> (artifact id: 'e9b47b849b788494dd6aa3e916885490') in 0.010324 seconds 
========================================================================
Received Import Request.
  Time since last request: 6.564091 seconds.
  path: Assets/Background/Prefab/abandoned_buildings/birdhouse.prefab
  artifactKey: Guid(6c43e81dbb4ea18428ee68fedb9a544c) Importer(815301076,1909f56bfc062723c751e8b465ee728b)
Start importing Assets/Background/Prefab/abandoned_buildings/birdhouse.prefab using Guid(6c43e81dbb4ea18428ee68fedb9a544c) Importer(815301076,1909f56bfc062723c751e8b465ee728b)  -> (artifact id: 'cc2d28507d7a6db043c50c04cada828d') in 0.018560 seconds 
========================================================================
Received Import Request.
  Time since last request: 0.000182 seconds.
  path: Assets/Background/Prefab/abandoned_buildings/junk_window.prefab
  artifactKey: Guid(a22c9e7ef50fc764da43060141ad70cb) Importer(815301076,1909f56bfc062723c751e8b465ee728b)
Start importing Assets/Background/Prefab/abandoned_buildings/junk_window.prefab using Guid(a22c9e7ef50fc764da43060141ad70cb) Importer(815301076,1909f56bfc062723c751e8b465ee728b)  -> (artifact id: '3285354cee0e22e2914dadd36ca88764') in 0.013423 seconds 
========================================================================
Received Import Request.
  Time since last request: 0.000046 seconds.
  path: Assets/Background/Prefab/abandoned_buildings/house_enter.prefab
  artifactKey: Guid(b975c7a470622c540b3e705556ab595e) Importer(815301076,1909f56bfc062723c751e8b465ee728b)
Start importing Assets/Background/Prefab/abandoned_buildings/house_enter.prefab using Guid(b975c7a470622c540b3e705556ab595e) Importer(815301076,1909f56bfc062723c751e8b465ee728b)  -> (artifact id: 'bca41f98d7df0523183767b845fec5ac') in 0.013780 seconds 
========================================================================
Received Import Request.
  Time since last request: 0.000076 seconds.
  path: Assets/Background/Prefab/abandoned_buildings/junk_bridge.prefab
  artifactKey: Guid(035f738ac7ca0934aae975915ce9478f) Importer(815301076,1909f56bfc062723c751e8b465ee728b)
Start importing Assets/Background/Prefab/abandoned_buildings/junk_bridge.prefab using Guid(035f738ac7ca0934aae975915ce9478f) Importer(815301076,1909f56bfc062723c751e8b465ee728b)  -> (artifact id: 'e48067255d4a1d890ef8b56d01e18893') in 0.011696 seconds 
========================================================================
Received Import Request.
  Time since last request: 0.000093 seconds.
  path: Assets/Background/Prefab/abandoned_buildings/stove_burned.prefab
  artifactKey: Guid(32cfb3e46f2c5c9499b88966b82caf77) Importer(815301076,1909f56bfc062723c751e8b465ee728b)
Start importing Assets/Background/Prefab/abandoned_buildings/stove_burned.prefab using Guid(32cfb3e46f2c5c9499b88966b82caf77) Importer(815301076,1909f56bfc062723c751e8b465ee728b)  -> (artifact id: 'd451b0ea3b5637978b02194935c0c00d') in 0.008546 seconds 
========================================================================
Received Import Request.
  Time since last request: 0.000057 seconds.
  path: Assets/Background/Prefab/abandoned_buildings/pole_wood.prefab
  artifactKey: Guid(b56ffad1c0421324d82ef52ef263d4db) Importer(815301076,1909f56bfc062723c751e8b465ee728b)
Start importing Assets/Background/Prefab/abandoned_buildings/pole_wood.prefab using Guid(b56ffad1c0421324d82ef52ef263d4db) Importer(815301076,1909f56bfc062723c751e8b465ee728b)  -> (artifact id: 'c03ad6aeaa69feae0426b036b7309f96') in 0.007969 seconds 
========================================================================
Received Import Request.
  Time since last request: 0.000048 seconds.
  path: Assets/Background/Prefab/abandoned_buildings/stove.prefab
  artifactKey: Guid(7476bea84d0c5ee46babced461b99665) Importer(815301076,1909f56bfc062723c751e8b465ee728b)
Start importing Assets/Background/Prefab/abandoned_buildings/stove.prefab using Guid(7476bea84d0c5ee46babced461b99665) Importer(815301076,1909f56bfc062723c751e8b465ee728b)  -> (artifact id: 'ae68d64f6346326e691124e8bd2c3f46') in 0.007247 seconds 
